<?xml version="1.0" encoding="UTF-8"?>
<testsuite name="org.zerock.b02.B02ApplicationTests" tests="1" skipped="0" failures="0" errors="0" timestamp="2025-02-09T08:41:13" hostname="DESKTOP-OKA9Q7C" time="0.181">
  <properties/>
  <testcase name="contextLoads()" classname="org.zerock.b02.B02ApplicationTests" time="0.181"/>
  <system-out><![CDATA[17:41:03.876 [Test worker] DEBUG org.springframework.test.context.BootstrapUtils - Instantiating CacheAwareContextLoaderDelegate from class [org.springframework.test.context.cache.DefaultCacheAwareContextLoaderDelegate]
17:41:03.900 [Test worker] DEBUG org.springframework.test.context.BootstrapUtils - Instantiating BootstrapContext using constructor [public org.springframework.test.context.support.DefaultBootstrapContext(java.lang.Class,org.springframework.test.context.CacheAwareContextLoaderDelegate)]
17:41:03.956 [Test worker] DEBUG org.springframework.test.context.BootstrapUtils - Instantiating TestContextBootstrapper for test class [org.zerock.b02.B02ApplicationTests] from class [org.springframework.boot.test.context.SpringBootTestContextBootstrapper]
17:41:03.975 [Test worker] INFO org.springframework.boot.test.context.SpringBootTestContextBootstrapper - Neither @ContextConfiguration nor @ContextHierarchy found for test class [org.zerock.b02.B02ApplicationTests], using SpringBootContextLoader
17:41:03.984 [Test worker] DEBUG org.springframework.test.context.support.AbstractContextLoader - Did not detect default resource location for test class [org.zerock.b02.B02ApplicationTests]: class path resource [org/zerock/b02/B02ApplicationTests-context.xml] does not exist
17:41:03.985 [Test worker] DEBUG org.springframework.test.context.support.AbstractContextLoader - Did not detect default resource location for test class [org.zerock.b02.B02ApplicationTests]: class path resource [org/zerock/b02/B02ApplicationTestsContext.groovy] does not exist
17:41:03.985 [Test worker] INFO org.springframework.test.context.support.AbstractContextLoader - Could not detect default resource locations for test class [org.zerock.b02.B02ApplicationTests]: no resource found for suffixes {-context.xml, Context.groovy}.
17:41:03.987 [Test worker] INFO org.springframework.test.context.support.AnnotationConfigContextLoaderUtils - Could not detect default configuration classes for test class [org.zerock.b02.B02ApplicationTests]: B02ApplicationTests does not declare any static, non-private, non-final, nested classes annotated with @Configuration.
17:41:04.066 [Test worker] DEBUG org.springframework.test.context.support.ActiveProfilesUtils - Could not find an 'annotation declaring class' for annotation type [org.springframework.test.context.ActiveProfiles] and class [org.zerock.b02.B02ApplicationTests]
17:41:04.198 [Test worker] DEBUG org.springframework.context.annotation.ClassPathScanningCandidateComponentProvider - Identified candidate component class: file [C:\Users\dksl2\Desktop\b02\build\classes\java\main\org\zerock\b02\B02Application.class]
17:41:04.200 [Test worker] INFO org.springframework.boot.test.context.SpringBootTestContextBootstrapper - Found @SpringBootConfiguration org.zerock.b02.B02Application for test class org.zerock.b02.B02ApplicationTests
17:41:04.388 [Test worker] DEBUG org.springframework.boot.test.context.SpringBootTestContextBootstrapper - @TestExecutionListeners is not present for class [org.zerock.b02.B02ApplicationTests]: using defaults.
17:41:04.389 [Test worker] INFO org.springframework.boot.test.context.SpringBootTestContextBootstrapper - Loaded default TestExecutionListener class names from location [META-INF/spring.factories]: [org.springframework.boot.test.autoconfigure.restdocs.RestDocsTestExecutionListener, org.springframework.boot.test.autoconfigure.web.client.MockRestServiceServerResetTestExecutionListener, org.springframework.boot.test.autoconfigure.web.servlet.MockMvcPrintOnlyOnFailureTestExecutionListener, org.springframework.boot.test.autoconfigure.web.servlet.WebDriverTestExecutionListener, org.springframework.boot.test.autoconfigure.webservices.client.MockWebServiceServerTestExecutionListener, org.springframework.boot.test.mock.mockito.MockitoTestExecutionListener, org.springframework.boot.test.mock.mockito.ResetMocksTestExecutionListener, org.springframework.test.context.web.ServletTestExecutionListener, org.springframework.test.context.support.DirtiesContextBeforeModesTestExecutionListener, org.springframework.test.context.event.ApplicationEventsTestExecutionListener, org.springframework.test.context.support.DependencyInjectionTestExecutionListener, org.springframework.test.context.support.DirtiesContextTestExecutionListener, org.springframework.test.context.transaction.TransactionalTestExecutionListener, org.springframework.test.context.jdbc.SqlScriptsTestExecutionListener, org.springframework.test.context.event.EventPublishingTestExecutionListener]
17:41:04.424 [Test worker] INFO org.springframework.boot.test.context.SpringBootTestContextBootstrapper - Using TestExecutionListeners: [org.springframework.test.context.web.ServletTestExecutionListener@66f66866, org.springframework.test.context.support.DirtiesContextBeforeModesTestExecutionListener@22fa55b2, org.springframework.test.context.event.ApplicationEventsTestExecutionListener@4d666b41, org.springframework.boot.test.mock.mockito.MockitoTestExecutionListener@6594402a, org.springframework.boot.test.autoconfigure.SpringBootDependencyInjectionTestExecutionListener@30f4b1a6, org.springframework.test.context.support.DirtiesContextTestExecutionListener@405325cf, org.springframework.test.context.transaction.TransactionalTestExecutionListener@3e1162e7, org.springframework.test.context.jdbc.SqlScriptsTestExecutionListener@79c3f01f, org.springframework.test.context.event.EventPublishingTestExecutionListener@6c2f1700, org.springframework.boot.test.autoconfigure.restdocs.RestDocsTestExecutionListener@350b3a17, org.springframework.boot.test.autoconfigure.web.client.MockRestServiceServerResetTestExecutionListener@38600b, org.springframework.boot.test.autoconfigure.web.servlet.MockMvcPrintOnlyOnFailureTestExecutionListener@669d2b1b, org.springframework.boot.test.autoconfigure.web.servlet.WebDriverTestExecutionListener@721eb7df, org.springframework.boot.test.autoconfigure.webservices.client.MockWebServiceServerTestExecutionListener@1ea9f009, org.springframework.boot.test.mock.mockito.ResetMocksTestExecutionListener@5d52e3ef]
17:41:04.431 [Test worker] DEBUG org.springframework.test.context.support.AbstractDirtiesContextTestExecutionListener - Before test class: context [DefaultTestContext@4163f1cd testClass = B02ApplicationTests, testInstance = [null], testMethod = [null], testException = [null], mergedContextConfiguration = [WebMergedContextConfiguration@5fa05212 testClass = B02ApplicationTests, locations = '{}', classes = '{class org.zerock.b02.B02Application}', contextInitializerClasses = '[]', activeProfiles = '{}', propertySourceLocations = '{}', propertySourceProperties = '{org.springframework.boot.test.context.SpringBootTestContextBootstrapper=true}', contextCustomizers = set[org.springframework.boot.test.autoconfigure.actuate.metrics.MetricsExportContextCustomizerFactory$DisableMetricExportContextCustomizer@1c80e49b, org.springframework.boot.test.autoconfigure.properties.PropertyMappingContextCustomizer@0, org.springframework.boot.test.autoconfigure.web.servlet.WebDriverContextCustomizerFactory$Customizer@6f603e89, org.springframework.boot.test.context.filter.ExcludeFilterContextCustomizer@165b2f7f, org.springframework.boot.test.json.DuplicateJsonObjectContextCustomizerFactory$DuplicateJsonObjectContextCustomizer@470a696f, org.springframework.boot.test.mock.mockito.MockitoContextCustomizer@0, org.springframework.boot.test.web.client.TestRestTemplateContextCustomizer@6731787b, org.springframework.boot.test.context.SpringBootTestArgs@1, org.springframework.boot.test.context.SpringBootTestWebEnvironment@c7045b9], resourceBasePath = 'src/main/webapp', contextLoader = 'org.springframework.boot.test.context.SpringBootContextLoader', parent = [null]], attributes = map['org.springframework.test.context.web.ServletTestExecutionListener.activateListener' -> true]], class annotated with @DirtiesContext [false] with mode [null].

  .   ____          _            __ _ _
 /\\ / ___'_ __ _ _(_)_ __  __ _ \ \ \ \
( ( )\___ | '_ | '_| | '_ \/ _` | \ \ \ \
 \\/  ___)| |_)| | | | | || (_| |  ) ) ) )
  '  |____| .__|_| |_|_| |_\__, | / / / /
 =========|_|==============|___/=/_/_/_/
 :: Spring Boot ::                (v2.7.3)

2025-02-09 17:41:05.118  INFO 10336 --- [    Test worker] org.zerock.b02.B02ApplicationTests       : Starting B02ApplicationTests using Java 11.0.0.2 on DESKTOP-OKA9Q7C with PID 10336 (started by 김재훈 in C:\Users\dksl2\Desktop\b02)
2025-02-09 17:41:05.120 DEBUG 10336 --- [    Test worker] org.zerock.b02.B02ApplicationTests       : Running with Spring Boot v2.7.3, Spring v5.3.22
2025-02-09 17:41:05.121  INFO 10336 --- [    Test worker] org.zerock.b02.B02ApplicationTests       : No active profile set, falling back to 1 default profile: "default"
2025-02-09 17:41:06.793  INFO 10336 --- [    Test worker] .s.d.r.c.RepositoryConfigurationDelegate : Bootstrapping Spring Data JPA repositories in DEFAULT mode.
2025-02-09 17:41:06.897  INFO 10336 --- [    Test worker] .s.d.r.c.RepositoryConfigurationDelegate : Finished Spring Data repository scanning in 89 ms. Found 2 JPA repository interfaces.
2025-02-09 17:41:07.815  INFO 10336 --- [    Test worker] o.hibernate.jpa.internal.util.LogHelper  : HHH000204: Processing PersistenceUnitInfo [name: default]
2025-02-09 17:41:07.914  INFO 10336 --- [    Test worker] org.hibernate.Version                    : HHH000412: Hibernate ORM core version 5.6.10.Final
2025-02-09 17:41:08.283  INFO 10336 --- [    Test worker] o.hibernate.annotations.common.Version   : HCANN000001: Hibernate Commons Annotations {5.1.2.Final}
2025-02-09 17:41:08.510  INFO 10336 --- [    Test worker] com.zaxxer.hikari.HikariDataSource       : HikariPool-1 - Starting...
2025-02-09 17:41:08.690  INFO 10336 --- [    Test worker] com.zaxxer.hikari.HikariDataSource       : HikariPool-1 - Start completed.
2025-02-09 17:41:08.755  INFO 10336 --- [    Test worker] org.hibernate.dialect.Dialect            : HHH000400: Using dialect: org.hibernate.dialect.MariaDB103Dialect
2025-02-09 17:41:10.399  INFO 10336 --- [    Test worker] o.h.e.t.j.p.i.JtaPlatformInitiator       : HHH000490: Using JtaPlatform implementation: [org.hibernate.engine.transaction.jta.platform.internal.NoJtaPlatform]
2025-02-09 17:41:10.432  INFO 10336 --- [    Test worker] j.LocalContainerEntityManagerFactoryBean : Initialized JPA EntityManagerFactory for persistence unit 'default'
2025-02-09 17:41:12.010  WARN 10336 --- [    Test worker] JpaBaseConfiguration$JpaWebConfiguration : spring.jpa.open-in-view is enabled by default. Therefore, database queries may be performed during view rendering. Explicitly configure spring.jpa.open-in-view to disable this warning
2025-02-09 17:41:12.506  INFO 10336 --- [    Test worker] o.s.b.a.w.s.WelcomePageHandlerMapping    : Adding welcome page: class path resource [static/index.html]
2025-02-09 17:41:13.220  INFO 10336 --- [    Test worker] org.zerock.b02.B02ApplicationTests       : Started B02ApplicationTests in 8.717 seconds (JVM running for 11.945)
]]></system-out>
  <system-err><![CDATA[]]></system-err>
</testsuite>
